{
  "stats": {
    "suites": 3,
    "tests": 5,
    "passes": 5,
    "pending": 0,
    "failures": 0,
    "start": "2022-01-13T14:05:10.014Z",
    "end": "2022-01-13T14:05:22.044Z",
    "duration": 12030,
    "testsRegistered": 5,
    "passPercent": 100,
    "pendingPercent": 0,
    "other": 0,
    "hasOther": false,
    "skipped": 0,
    "hasSkipped": false
  },
  "results": [
    {
      "uuid": "f94527b9-c4d7-453a-9df1-51207d24f093",
      "title": "",
      "fullFile": "",
      "file": "",
      "beforeHooks": [],
      "afterHooks": [],
      "tests": [],
      "suites": [
        {
          "uuid": "88346e15-41f6-4a16-9c47-56b49c23b93b",
          "title": "Add todo tests",
          "fullFile": "C:\\Users\\nilic\\Desktop\\gitRepo\\seleniumDemo\\test\\firstTest.js",
          "file": "\\test\\firstTest.js",
          "beforeHooks": [],
          "afterHooks": [],
          "tests": [
            {
              "title": "successfully add a todo to application",
              "fullTitle": "Add todo tests successfully add a todo to application",
              "timedOut": null,
              "duration": 6896,
              "state": "passed",
              "speed": "slow",
              "pass": true,
              "fail": false,
              "pending": false,
              "context": null,
              "code": "//launch the browser\nlet driver = await new Builder().forBrowser(\"firefox\").build();\n//navigate to our application\nawait driver.get(\"https://lambdatest.github.io/sample-todo-app/\");\n//add a todo\nawait driver.findElement(By.id(\"sampletodotext\")).sendKeys(\"Learn Selenium\", Key.RETURN);\n//assert\nlet todoText = await driver.findElement(By.xpath(\"//li[last()]\")).getText().then(function (value) {\n    return value\n});\nconsole.log(typeof todoText);\n//assert using node assertion\n//strictEqual(todoText, \"Learn Selenium\");\n//assert using chai should\ntodoText.should.equal(\"Learn Selenium\");\n//close the browser\nawait driver.quit();",
              "err": {},
              "uuid": "d8b8887a-5fb0-466b-838a-ae6cf44122b1",
              "parentUUID": null,
              "isHook": false,
              "skipped": false
            }
          ],
          "suites": [],
          "passes": [
            "d8b8887a-5fb0-466b-838a-ae6cf44122b1"
          ],
          "failures": [],
          "pending": [],
          "skipped": [],
          "duration": 6896,
          "root": false,
          "rootEmpty": false,
          "_timeout": null
        },
        {
          "uuid": "69e3422b-442c-4dea-894f-839ee53b4156",
          "title": "Add another todo tests",
          "fullFile": "C:\\Users\\nilic\\Desktop\\gitRepo\\seleniumDemo\\test\\paramTest.js",
          "file": "\\test\\paramTest.js",
          "beforeHooks": [],
          "afterHooks": [],
          "tests": [
            {
              "title": "successfully add another todo to application chrome",
              "fullTitle": "Add another todo tests successfully add another todo to application chrome",
              "timedOut": null,
              "duration": 3062,
              "state": "passed",
              "speed": "slow",
              "pass": true,
              "fail": false,
              "pending": false,
              "context": null,
              "code": "//launch the browser\n            let driver = await new Builder().forBrowser(browser).build();\n            //navigate to our application\n            await driver.get(\"https://lambdatest.github.io/sample-todo-app/\");\n            //add a todo\n            await driver.findElement(By.id(\"sampletodotext\")).sendKeys(\"Learn Selenium\", Key.RETURN);\n            //assert\n            let todoText = await driver.findElement(By.xpath(\"//li[last()]\")).getText().then(function (value) {\n                return value\n            });\n            \n            //assert using chai should\n            todoText.should.equal(\"Learn Selenium\");\n            //close the browser\n            await driver.quit();",
              "err": {},
              "uuid": "ee45f5f3-1d6c-44d5-afd8-de12378bab04",
              "parentUUID": null,
              "isHook": false,
              "skipped": false
            },
            {
              "title": "successfully add another todo to application firefox",
              "fullTitle": "Add another todo tests successfully add another todo to application firefox",
              "timedOut": null,
              "duration": 6014,
              "state": "passed",
              "speed": "slow",
              "pass": true,
              "fail": false,
              "pending": false,
              "context": null,
              "code": "//launch the browser\n            let driver = await new Builder().forBrowser(browser).build();\n            //navigate to our application\n            await driver.get(\"https://lambdatest.github.io/sample-todo-app/\");\n            //add a todo\n            await driver.findElement(By.id(\"sampletodotext\")).sendKeys(\"Learn Selenium\", Key.RETURN);\n            //assert\n            let todoText = await driver.findElement(By.xpath(\"//li[last()]\")).getText().then(function (value) {\n                return value\n            });\n            \n            //assert using chai should\n            todoText.should.equal(\"Learn Selenium\");\n            //close the browser\n            await driver.quit();",
              "err": {},
              "uuid": "3a539194-3e71-4ae1-9230-4fc2712b55fb",
              "parentUUID": null,
              "isHook": false,
              "skipped": false
            }
          ],
          "suites": [],
          "passes": [
            "ee45f5f3-1d6c-44d5-afd8-de12378bab04",
            "3a539194-3e71-4ae1-9230-4fc2712b55fb"
          ],
          "failures": [],
          "pending": [],
          "skipped": [],
          "duration": 9076,
          "root": false,
          "rootEmpty": false,
          "_timeout": null
        },
        {
          "uuid": "5c528fd8-79ad-44e3-a983-71ccf059c8b3",
          "title": "Add another todo tests",
          "fullFile": "C:\\Users\\nilic\\Desktop\\gitRepo\\seleniumDemo\\test\\secondTest.js",
          "file": "\\test\\secondTest.js",
          "beforeHooks": [
            {
              "title": "\"before each\" hook in \"Add another todo tests\"",
              "fullTitle": "Add another todo tests \"before each\" hook in \"Add another todo tests\"",
              "timedOut": null,
              "duration": 0,
              "state": null,
              "speed": null,
              "pass": false,
              "fail": false,
              "pending": null,
              "context": null,
              "code": "//executed before each of it block",
              "err": {},
              "uuid": "358eb9a4-ee3e-48d1-822b-4966f33c3695",
              "parentUUID": null,
              "isHook": true,
              "skipped": false
            }
          ],
          "afterHooks": [
            {
              "title": "\"after each\" hook in \"Add another todo tests\"",
              "fullTitle": "Add another todo tests \"after each\" hook in \"Add another todo tests\"",
              "timedOut": null,
              "duration": 0,
              "state": null,
              "speed": null,
              "pass": false,
              "fail": false,
              "pending": null,
              "context": null,
              "code": "//executed after each it block i.e clean up scenarios after each test",
              "err": {},
              "uuid": "8a619c5f-bc71-4975-a6d9-b23c9c8f7e1a",
              "parentUUID": null,
              "isHook": true,
              "skipped": false
            }
          ],
          "tests": [
            {
              "title": "successfully add another todo to application",
              "fullTitle": "Add another todo tests successfully add another todo to application",
              "timedOut": null,
              "duration": 6947,
              "state": "passed",
              "speed": "slow",
              "pass": true,
              "fail": false,
              "pending": false,
              "context": null,
              "code": "//launch the browser\nlet driver = await new Builder().forBrowser(\"firefox\").build();\n//navigate to our application\nawait driver.get(\"https://lambdatest.github.io/sample-todo-app/\");\n//add a todo\nawait driver.findElement(By.id(\"sampletodotext\")).sendKeys(\"Learn Selenium\", Key.RETURN);\n//assert\nlet todoText = await driver.findElement(By.xpath(\"//li[last()]\")).getText().then(function (value) {\n    return value\n});\nconsole.log(typeof todoText);\n//assert using node assertion\n//strictEqual(todoText, \"Learn Selenium\");\n//assert using chai should\ntodoText.should.equal(\"Learn Selenium\");\n//close the browser\nawait driver.quit();",
              "err": {},
              "uuid": "3affc2e4-2006-40a2-be2b-d83c16c4cf33",
              "parentUUID": null,
              "isHook": false,
              "skipped": false
            },
            {
              "title": "adding a new test for reporting",
              "fullTitle": "Add another todo tests adding a new test for reporting",
              "timedOut": null,
              "duration": 4615,
              "state": "passed",
              "speed": "slow",
              "pass": true,
              "fail": false,
              "pending": false,
              "context": null,
              "code": "//launch the browser\nlet driver = await new Builder().forBrowser(\"firefox\").build();\n//navigate to our application\nawait driver.get(\"https://lambdatest.github.io/sample-todo-app/\");\n//add a todo\nawait driver.findElement(By.id(\"sampletodotext\")).sendKeys(\"Learn Selenium\", Key.RETURN);\n//assert\nlet todoText = await driver.findElement(By.xpath(\"//li[last()]\")).getText().then(function (value) {\n    return value\n});\nconsole.log(typeof todoText);\n//assert using node assertion\n//strictEqual(todoText, \"Learn Selenium\");\n//assert using chai should\ntodoText.should.equal(\"Learn Selenium\");\n//close the browser\nawait driver.quit();",
              "err": {},
              "uuid": "4e8e59e9-e883-452a-99b9-995fb080b5c3",
              "parentUUID": null,
              "isHook": false,
              "skipped": false
            }
          ],
          "suites": [],
          "passes": [
            "3affc2e4-2006-40a2-be2b-d83c16c4cf33",
            "4e8e59e9-e883-452a-99b9-995fb080b5c3"
          ],
          "failures": [],
          "pending": [],
          "skipped": [],
          "duration": 11562,
          "root": false,
          "rootEmpty": false,
          "_timeout": null
        }
      ],
      "passes": [],
      "failures": [],
      "pending": [],
      "skipped": [],
      "duration": 0,
      "root": true,
      "rootEmpty": true,
      "_timeout": 0
    }
  ],
  "meta": {
    "mocha": {
      "version": "9.1.3"
    },
    "mochawesome": {
      "options": {
        "quiet": false,
        "reportFilename": "testResults",
        "saveHtml": true,
        "saveJson": true,
        "consoleReporter": "spec",
        "useInlineDiffs": false,
        "code": true
      },
      "version": "7.0.1"
    },
    "marge": {
      "options": {
        "reportDir": "C:/Users/nilic/Desktop/gitRepo/seleniumDemo/test-report",
        "reportFilename": "testResults"
      },
      "version": "6.0.1"
    }
  }
}