{
  "stats": {
    "suites": 2,
    "tests": 3,
    "passes": 2,
    "pending": 0,
    "failures": 1,
    "start": "2022-01-13T11:07:07.399Z",
    "end": "2022-01-13T11:07:16.985Z",
    "duration": 9586,
    "testsRegistered": 3,
    "passPercent": 66.66666666666666,
    "pendingPercent": 0,
    "other": 0,
    "hasOther": false,
    "skipped": 0,
    "hasSkipped": false
  },
  "results": [
    {
      "uuid": "3ff520d5-73f4-4c77-ada0-e4a14697e3b1",
      "title": "",
      "fullFile": "",
      "file": "",
      "beforeHooks": [],
      "afterHooks": [],
      "tests": [],
      "suites": [
        {
          "uuid": "f830f636-dcdc-489c-bdbc-58311328acaf",
          "title": "Add todo tests",
          "fullFile": "C:\\Users\\nilic\\Desktop\\gitRepo\\seleniumDemo\\test\\firstTest.js",
          "file": "\\test\\firstTest.js",
          "beforeHooks": [],
          "afterHooks": [],
          "tests": [
            {
              "title": "successfully add a todo to application",
              "fullTitle": "Add todo tests successfully add a todo to application",
              "timedOut": null,
              "duration": 5790,
              "state": "passed",
              "speed": "slow",
              "pass": true,
              "fail": false,
              "pending": false,
              "context": null,
              "code": "//launch the browser\nlet driver = await new Builder().forBrowser(\"firefox\").build();\n//navigate to our application\nawait driver.get(\"https://lambdatest.github.io/sample-todo-app/\");\n//add a todo\nawait driver.findElement(By.id(\"sampletodotext\")).sendKeys(\"Learn Selenium\", Key.RETURN);\n//assert\nlet todoText = await driver.findElement(By.xpath(\"//li[last()]\")).getText().then(function (value) {\n    return value\n});\nconsole.log(typeof todoText);\n//assert using node assertion\n//strictEqual(todoText, \"Learn Selenium\");\n//assert using chai should\ntodoText.should.equal(\"Learn Selenium\");\n//close the browser\nawait driver.quit();",
              "err": {},
              "uuid": "3e0d8623-efe0-4580-a78d-d3cd5e44b720",
              "parentUUID": null,
              "isHook": false,
              "skipped": false
            }
          ],
          "suites": [],
          "passes": [
            "3e0d8623-efe0-4580-a78d-d3cd5e44b720"
          ],
          "failures": [],
          "pending": [],
          "skipped": [],
          "duration": 5790,
          "root": false,
          "rootEmpty": false,
          "_timeout": null
        },
        {
          "uuid": "7d31ad4a-5483-4f9e-aa09-20275bb4824c",
          "title": "Add another todo tests",
          "fullFile": "C:\\Users\\nilic\\Desktop\\gitRepo\\seleniumDemo\\test\\secondTest.js",
          "file": "\\test\\secondTest.js",
          "beforeHooks": [],
          "afterHooks": [],
          "tests": [
            {
              "title": "successfully add another todo to application",
              "fullTitle": "Add another todo tests successfully add another todo to application",
              "timedOut": null,
              "duration": 5346,
              "state": "passed",
              "speed": "slow",
              "pass": true,
              "fail": false,
              "pending": false,
              "context": null,
              "code": "//launch the browser\nlet driver = await new Builder().forBrowser(\"firefox\").build();\n//navigate to our application\nawait driver.get(\"https://lambdatest.github.io/sample-todo-app/\");\n//add a todo\nawait driver.findElement(By.id(\"sampletodotext\")).sendKeys(\"Learn Selenium\", Key.RETURN);\n//assert\nlet todoText = await driver.findElement(By.xpath(\"//li[last()]\")).getText().then(function (value) {\n    return value\n});\nconsole.log(typeof todoText);\n//assert using node assertion\n//strictEqual(todoText, \"Learn Selenium\");\n//assert using chai should\ntodoText.should.equal(\"Learn Selenium\");\n//close the browser\nawait driver.quit();",
              "err": {},
              "uuid": "58e74f85-77cd-43c7-a47b-93b3aa9ed58e",
              "parentUUID": null,
              "isHook": false,
              "skipped": false
            },
            {
              "title": "adding a new test for reporting",
              "fullTitle": "Add another todo tests adding a new test for reporting",
              "timedOut": null,
              "duration": 3798,
              "state": "failed",
              "speed": null,
              "pass": false,
              "fail": true,
              "pending": false,
              "context": null,
              "code": "//launch the browser\nlet driver = await new Builder().forBrowser(\"firefox\").build();\n//navigate to our application\nawait driver.get(\"https://lambdatest.github.io/sample-todo-app/\");\n//add a todo\nawait driver.findElement(By.id(\"sampletodotext\")).sendKeys(\"Learn Selenium\", Key.RETURN);\n//assert\nlet todoText = await driver.findElement(By.xpath(\"//li[last()]\")).getText().then(function (value) {\n    return value\n});\nconsole.log(typeof todoText);\n//assert using node assertion\n//strictEqual(todoText, \"Learn Selenium\");\n//assert using chai should\ntodoText.should.equal(\"Learn Javascript\");\n//close the browser\nawait driver.quit();",
              "err": {
                "message": "AssertionError: expected 'Learn Selenium' to equal 'Learn Javascript'",
                "estack": "AssertionError: expected 'Learn Selenium' to equal 'Learn Javascript'\n    at Context.<anonymous> (test\\secondTest.js:56:25)\n    at processTicksAndRejections (internal/process/task_queues.js:93:5)",
                "diff": "- Learn Selenium\n+ Learn Javascript\n"
              },
              "uuid": "514acdb5-9e10-45c4-a0fa-7b2862242c1e",
              "parentUUID": null,
              "isHook": false,
              "skipped": false
            }
          ],
          "suites": [],
          "passes": [
            "58e74f85-77cd-43c7-a47b-93b3aa9ed58e"
          ],
          "failures": [
            "514acdb5-9e10-45c4-a0fa-7b2862242c1e"
          ],
          "pending": [],
          "skipped": [],
          "duration": 9144,
          "root": false,
          "rootEmpty": false,
          "_timeout": null
        }
      ],
      "passes": [],
      "failures": [],
      "pending": [],
      "skipped": [],
      "duration": 0,
      "root": true,
      "rootEmpty": true,
      "_timeout": 0
    }
  ],
  "meta": {
    "mocha": {
      "version": "9.1.3"
    },
    "mochawesome": {
      "options": {
        "quiet": false,
        "reportFilename": "mochawesome",
        "saveHtml": true,
        "saveJson": true,
        "consoleReporter": "spec",
        "useInlineDiffs": false,
        "code": true
      },
      "version": "7.0.1"
    },
    "marge": {
      "options": null,
      "version": "6.0.1"
    }
  }
}